\BOOKMARK [-1][-]{part.1}{\376\377\000I\000\040\000C\000o\000r\000e\000\040\000R\000u\000l\000e\000s}{}% 1
\BOOKMARK [0][-]{chapter.1}{\376\377\000I\000n\000t\000r\000o\000d\000u\000c\000t\000i\000o\000n}{part.1}% 2
\BOOKMARK [1][-]{section.1.1}{\376\377\000W\000h\000a\000t\000\040\000i\000s\000\040\000A\000r\000r\000a\000t\000a\000?}{chapter.1}% 3
\BOOKMARK [1][-]{section.1.2}{\376\377\000G\000a\000m\000e\000\040\000M\000a\000s\000t\000e\000r\000s}{chapter.1}% 4
\BOOKMARK [1][-]{section.1.3}{\376\377\000P\000l\000a\000y\000e\000r\000s\000\040\000a\000n\000d\000\040\000t\000h\000e\000i\000r\000\040\000C\000h\000a\000r\000a\000c\000t\000e\000r\000s}{chapter.1}% 5
\BOOKMARK [1][-]{section.1.4}{\376\377\000N\000o\000n\000-\000P\000l\000a\000y\000e\000r\000\040\000C\000h\000a\000r\000a\000c\000t\000e\000r\000s}{chapter.1}% 6
\BOOKMARK [0][-]{chapter.2}{\376\377\000D\000i\000c\000e}{part.1}% 7
\BOOKMARK [1][-]{section.2.1}{\376\377\000W\000h\000y\000\040\000D\000i\000c\000e\000?}{chapter.2}% 8
\BOOKMARK [1][-]{section.2.2}{\376\377\000D\000i\000c\000e\000\040\000N\000o\000t\000a\000t\000i\000o\000n}{chapter.2}% 9
\BOOKMARK [1][-]{section.2.3}{\376\377\000R\000o\000l\000l\000e\000d\000\040\000D\000i\000c\000e}{chapter.2}% 10
\BOOKMARK [1][-]{section.2.4}{\376\377\000A\000d\000d\000i\000t\000i\000o\000n\000\040\000a\000n\000d\000\040\000S\000u\000b\000t\000r\000a\000c\000t\000i\000o\000n}{chapter.2}% 11
\BOOKMARK [1][-]{section.2.5}{\376\377\000E\000x\000p\000l\000o\000d\000i\000n\000g\000\040\000D\000i\000c\000e}{chapter.2}% 12
\BOOKMARK [1][-]{section.2.6}{\376\377\000E\000v\000i\000l\000\040\000D\000i\000c\000e}{chapter.2}% 13
\BOOKMARK [1][-]{section.2.7}{\376\377\000D\000i\000c\000e\000\040\000P\000o\000o\000l\000s}{chapter.2}% 14
\BOOKMARK [1][-]{section.2.8}{\376\377\000C\000o\000n\000d\000i\000t\000i\000o\000n\000a\000l\000s}{chapter.2}% 15
\BOOKMARK [1][-]{section.2.9}{\376\377\000T\000h\000e\000\040\000d\0006}{chapter.2}% 16
\BOOKMARK [0][-]{chapter.3}{\376\377\000S\000t\000a\000t\000s}{part.1}% 17
\BOOKMARK [1][-]{section.3.1}{\376\377\000Q\000u\000a\000n\000t\000i\000t\000y}{chapter.3}% 18
\BOOKMARK [1][-]{section.3.2}{\376\377\000Q\000u\000a\000l\000i\000t\000y}{chapter.3}% 19
\BOOKMARK [1][-]{section.3.3}{\376\377\000C\000o\000m\000p\000o\000s\000i\000t\000i\000o\000n}{chapter.3}% 20
\BOOKMARK [1][-]{section.3.4}{\376\377\000C\000h\000e\000c\000k\000s}{chapter.3}% 21
\BOOKMARK [1][-]{section.3.5}{\376\377\000S\000u\000c\000c\000e\000s\000s\000\040\000a\000n\000d\000\040\000F\000a\000i\000l\000u\000r\000e}{chapter.3}% 22
\BOOKMARK [1][-]{section.3.6}{\376\377\000O\000b\000s\000t\000a\000c\000l\000e}{chapter.3}% 23
\BOOKMARK [1][-]{section.3.7}{\376\377\000I\000n\000t\000e\000n\000t}{chapter.3}% 24
\BOOKMARK [1][-]{section.3.8}{\376\377\000E\000x\000t\000r\000a\000\040\000S\000u\000c\000c\000e\000s\000s\000e\000s}{chapter.3}% 25
\BOOKMARK [1][-]{section.3.9}{\376\377\000A\000d\000v\000a\000n\000t\000a\000g\000e}{chapter.3}% 26
\BOOKMARK [1][-]{section.3.10}{\376\377\000D\000i\000s\000a\000d\000v\000a\000n\000t\000a\000g\000e}{chapter.3}% 27
\BOOKMARK [1][-]{section.3.11}{\376\377\000H\000e\000l\000p\000,\000\040\000A\000l\000l\000\040\000a\000t\000\040\000O\000n\000c\000e}{chapter.3}% 28
\BOOKMARK [1][-]{section.3.12}{\376\377\000L\000e\000v\000e\000l\000i\000n\000g}{chapter.3}% 29
\BOOKMARK [2][-]{subsection.3.12.1}{\376\377\000C\000h\000e\000c\000k\000s}{section.3.12}% 30
\BOOKMARK [2][-]{subsection.3.12.2}{\376\377\000O\000p\000t\000i\000o\000n\000a\000l\000:\000\040\000I\000n\000t\000u\000i\000t\000i\000o\000n}{section.3.12}% 31
\BOOKMARK [0][-]{chapter.4}{\376\377\000Q\000u\000i\000r\000k\000s}{part.1}% 32
\BOOKMARK [1][-]{section.4.1}{\376\377\000Q\000u\000i\000r\000k\000\040\000T\000y\000p\000e\000s}{chapter.4}% 33
\BOOKMARK [1][-]{section.4.2}{\376\377\000I\000n\000t\000u\000i\000t\000i\000o\000n}{chapter.4}% 34
\BOOKMARK [1][-]{section.4.3}{\376\377\000F\000i\000g\000h\000t\000i\000n\000g\000\040\000a\000n\000d\000\040\000A\000c\000c\000e\000p\000t\000i\000n\000g\000\040\000Q\000u\000i\000r\000k\000s}{chapter.4}% 35
\BOOKMARK [2][-]{subsection.4.3.1}{\376\377\000A\000c\000c\000e\000p\000t\000a\000n\000c\000e}{section.4.3}% 36
\BOOKMARK [2][-]{subsection.4.3.2}{\376\377\000B\000o\000o\000n\000s\000\040\000a\000n\000d\000\040\000F\000l\000a\000w\000s}{section.4.3}% 37
\BOOKMARK [2][-]{subsection.4.3.3}{\376\377\000R\000e\000j\000e\000c\000t\000i\000o\000n}{section.4.3}% 38
\BOOKMARK [1][-]{section.4.4}{\376\377\000A\000r\000g\000o\000s}{chapter.4}% 39
\BOOKMARK [2][-]{subsection.4.4.1}{\376\377\000C\000o\000m\000p\000l\000e\000t\000i\000n\000g\000\040\000A\000r\000g\000o\000s}{section.4.4}% 40
\BOOKMARK [2][-]{subsection.4.4.2}{\376\377\000B\000r\000e\000a\000k\000i\000n\000g\000\040\000A\000r\000g\000o\000s}{section.4.4}% 41
\BOOKMARK [1][-]{section.4.5}{\376\377\000R\000o\000l\000e\000p\000l\000a\000y\000i\000n\000g\000\040\000a\000n\000d\000\040\000Q\000u\000i\000r\000k\000s}{chapter.4}% 42
\BOOKMARK [0][-]{chapter.5}{\376\377\000C\000h\000a\000r\000a\000c\000t\000e\000r\000s}{part.1}% 43
\BOOKMARK [1][-]{section.5.1}{\376\377\000C\000h\000a\000r\000a\000c\000t\000e\000r\000\040\000S\000t\000a\000t\000s}{chapter.5}% 44
\BOOKMARK [2][-]{subsection.5.1.1}{\376\377\000C\000o\000r\000e\000\040\000S\000t\000a\000t\000s}{section.5.1}% 45
\BOOKMARK [2][-]{subsection.5.1.2}{\376\377\000S\000t\000a\000t\000\040\000R\000e\000s\000o\000u\000r\000c\000e\000s}{section.5.1}% 46
\BOOKMARK [2][-]{subsection.5.1.3}{\376\377\000S\000k\000i\000l\000l\000s}{section.5.1}% 47
\BOOKMARK [-1][-]{part.2}{\376\377\000I\000I\000\040\000S\000u\000b\000s\000y\000s\000t\000e\000m\000s}{}% 48
\BOOKMARK [0][-]{chapter.6}{\376\377\000C\000o\000m\000b\000a\000t}{part.2}% 49
\BOOKMARK [0][-]{chapter.7}{\376\377\000I\000n\000j\000u\000r\000y}{part.2}% 50
\BOOKMARK [0][-]{chapter.8}{\376\377\000S\000o\000r\000c\000e\000r\000y}{part.2}% 51
\BOOKMARK [0][-]{chapter.9}{\376\377\000F\000a\000i\000t\000h}{part.2}% 52
\BOOKMARK [0][-]{chapter.10}{\376\377\000E\000n\000g\000i\000n\000e\000e\000r\000i\000n\000g}{part.2}% 53
\BOOKMARK [-1][-]{part.3}{\376\377\000I\000I\000I\000\040\000A\000p\000p\000e\000n\000d\000i\000c\000e\000s}{}% 54
\BOOKMARK [0][-]{appendix.a.A}{\376\377\000D\000i\000c\000e\000\040\000P\000r\000o\000b\000a\000b\000i\000l\000i\000t\000y\000\040\000D\000i\000s\000t\000r\000i\000b\000u\000t\000i\000o\000n\000s}{part.3}% 55
\BOOKMARK [0][-]{appendix.a.B}{\376\377\000S\000k\000i\000l\000l\000s}{part.3}% 56
\BOOKMARK [0][-]{appendix.a.C}{\376\377\000Q\000u\000i\000r\000k\000s}{part.3}% 57
\BOOKMARK [0][-]{appendix.a.D}{\376\377\000E\000q\000u\000i\000p\000m\000e\000n\000t}{part.3}% 58
\BOOKMARK [-1][-]{part.4}{\376\377\000I\000V\000\040\000C\000r\000e\000d\000i\000t\000s}{}% 59
